<?xml version="1.0" encoding="UTF-8"?>
<testng-results ignored="0" total="1" passed="1" failed="0" skipped="0">
  <reporter-output>
  </reporter-output>
  <suite started-at="2025-07-22T11:41:20 UTC" name="Default suite" finished-at="2025-07-22T11:43:13 UTC" duration-ms="112963">
    <groups>
    </groups>
    <test started-at="2025-07-22T11:41:20 UTC" name="Default test" finished-at="2025-07-22T11:43:13 UTC" duration-ms="112963">
      <class name="DemoQAtextbox.demoqa">
        <test-method is-config="true" signature="setup()[pri:0, instance:DemoQAtextbox.demoqa@7714e963]" started-at="2025-07-22T11:41:20 UTC" name="setup" finished-at="2025-07-22T11:41:31 UTC" duration-ms="10841" status="PASS">
          <reporter-output>
          </reporter-output>
        </test-method> <!-- setup -->
        <test-method signature="fillTextBoxForm()[pri:0, instance:DemoQAtextbox.demoqa@7714e963]" started-at="2025-07-22T11:41:31 UTC" name="fillTextBoxForm" finished-at="2025-07-22T11:43:13 UTC" duration-ms="101512" status="PASS">
          <reporter-output>
          </reporter-output>
        </test-method> <!-- fillTextBoxForm -->
        <test-method is-config="true" signature="teardown()[pri:0, instance:DemoQAtextbox.demoqa@7714e963]" started-at="2025-07-22T11:43:13 UTC" name="teardown" finished-at="2025-07-22T11:43:13 UTC" duration-ms="540" status="PASS">
          <reporter-output>
          </reporter-output>
        </test-method> <!-- teardown -->
      </class> <!-- DemoQAtextbox.demoqa -->
    </test> <!-- Default test -->
  </suite> <!-- Default suite -->
</testng-results>
