<?xml version="1.0" encoding="UTF-8"?>
<!-- Generated by org.testng.reporters.JUnitReportReporter -->
<testsuite hostname="EC2AMAZ-CS00R8Q" failures="0" tests="2" name="jacoco.RectangleTest" time="0.077" errors="0" timestamp="2025-07-22T09:44:42 UTC" skipped="0">
  <testcase classname="jacoco.RectangleTest" name="testPerimeter" time="0.020"/>
  <system-out/>
  <testcase classname="jacoco.RectangleTest" name="testAdd" time="0.057"/>
  <system-out/>
</testsuite> <!-- jacoco.RectangleTest -->
