<?xml version="1.0" encoding="UTF-8"?>
<!-- Generated by org.testng.reporters.JUnitReportReporter -->
<testsuite hostname="EC2AMAZ-CS00R8Q" failures="0" tests="3" name="test.cartinteractiontest" time="11.143" errors="0" timestamp="2025-07-22T05:22:30 UTC" skipped="0">
  <testcase classname="test.cartinteractiontest" name="testCheckoutButtonNavigatesToStepOne" time="3.682"/>
  <system-out/>
  <testcase classname="test.cartinteractiontest" name="testRemoveItemFromCart" time="3.793"/>
  <system-out/>
  <testcase classname="test.cartinteractiontest" name="testCartAndContinueShoppingButtons" time="3.668"/>
  <system-out/>
</testsuite> <!-- test.cartinteractiontest -->
