<?xml version="1.0" encoding="UTF-8"?>
<!-- Generated by org.testng.reporters.JUnitReportReporter -->
<testsuite hostname="EC2AMAZ-CS00R8Q" failures="0" tests="6" name="test.InventoryTest" time="26.891" errors="0" timestamp="2025-07-22T05:22:30 UTC" skipped="0">
  <testcase classname="test.InventoryTest" name="TC_productCard" time="6.888"/>
  <system-out/>
  <testcase classname="test.InventoryTest" name="testInventoryPageLoads" time="3.198"/>
  <system-out/>
  <testcase classname="test.InventoryTest" name="testAllProductsAreVisible" time="3.626"/>
  <system-out/>
  <testcase classname="test.InventoryTest" name="testProductDetailsAreVisible" time="3.376"/>
  <system-out/>
  <testcase classname="test.InventoryTest" name="testAddToCartButtonFunctionality" time="3.392"/>
  <system-out/>
  <testcase classname="test.InventoryTest" name="testProductSortDropdown" time="6.411"/>
  <system-out/>
</testsuite> <!-- test.InventoryTest -->
