<?xml version="1.0" encoding="UTF-8"?>
<!-- Generated by org.testng.reporters.JUnitXMLReporter -->
<testsuite ignored="0" hostname="EC2AMAZ-CS00R8Q" failures="7" tests="27" name="Test" time="121.261" errors="0" timestamp="2025-07-22T05:22:29 UTC">
  <testcase classname="test.logintest" name="TC_01VerifyLogin" time="0.574">
    <failure type="java.lang.AssertionError" message="Username input mismatch did not expect [standard_user] but found [standard_user]">
      <![CDATA[java.lang.AssertionError: Username input mismatch did not expect [standard_user] but found [standard_user]
at test.logintest.TC_01VerifyLogin(logintest.java:64)
at java.base/java.util.ArrayList.forEach(ArrayList.java:1596)
... Removed 29 stack frames]]>
    </failure>
  </testcase> <!-- TC_01VerifyLogin -->
  <testcase classname="test.logintest" name="TC_02verifyLogin" time="0.775">
    <failure type="java.lang.AssertionError" message="Password input mismatch did not expect [secret_sauce] but found [secret_sauce]">
      <![CDATA[java.lang.AssertionError: Password input mismatch did not expect [secret_sauce] but found [secret_sauce]
at test.logintest.TC_02verifyLogin(logintest.java:89)
at java.base/java.util.ArrayList.forEach(ArrayList.java:1596)
... Removed 29 stack frames]]>
    </failure>
  </testcase> <!-- TC_02verifyLogin -->
  <testcase classname="test.logintest" name="TC_03verifyLogin" time="0.701"/>
  <testcase classname="test.logintest" name="TC_04verifyUsernameAndPasswordInput" time="0.872">
    <failure type="java.lang.AssertionError" message="Username input mismatch did not expect [standard_user] but found [standard_user]">
      <![CDATA[java.lang.AssertionError: Username input mismatch did not expect [standard_user] but found [standard_user]
at test.logintest.TC_04verifyUsernameAndPasswordInput(logintest.java:136)
at java.base/java.util.ArrayList.forEach(ArrayList.java:1596)
... Removed 29 stack frames]]>
    </failure>
  </testcase> <!-- TC_04verifyUsernameAndPasswordInput -->
  <testcase classname="test.logintest" name="TC_loginPopupWait" time="3.803"/>
  <testcase classname="test.logintest" name="TC_verifyLoginFieldsAreEnabled" time="0.545"/>
  <testcase classname="test.logintest" name="testInvalidLogin" time="0.955"/>
  <testcase classname="test.logintest" name="testValidLogin" time="1.043"/>
  <testcase classname="test.InventoryTest" name="TC_productCard" time="4.58"/>
  <testcase classname="test.InventoryTest" name="testInventoryPageLoads" time="0.877"/>
  <testcase classname="test.InventoryTest" name="testAllProductsAreVisible" time="0.954"/>
  <testcase classname="test.InventoryTest" name="testProductDetailsAreVisible" time="0.982"/>
  <testcase classname="test.InventoryTest" name="testAddToCartButtonFunctionality" time="1.165"/>
  <testcase classname="test.InventoryTest" name="testProductSortDropdown" time="4.018"/>
  <testcase classname="test.AddToCartTest" name="TC_addToCartButtonUI" time="1.053">
    <failure type="java.lang.AssertionError" message="Background color does not match expected value expected [rgba(19, 35, 34, 1)] but found [rgba(255, 255, 255, 1)]">
      <![CDATA[java.lang.AssertionError: Background color does not match expected value expected [rgba(19, 35, 34, 1)] but found [rgba(255, 255, 255, 1)]
at test.AddToCartTest.TC_addToCartButtonUI(AddToCartTest.java:30)
at java.base/java.util.ArrayList.forEach(ArrayList.java:1596)
... Removed 30 stack frames]]>
    </failure>
  </testcase> <!-- TC_addToCartButtonUI -->
  <testcase classname="test.AddToCartTest" name="TC_verifyCart" time="1.305">
    <failure type="java.lang.NullPointerException" message="Cannot invoke &amp;quot;String.contains(java.lang.CharSequence)&amp;quot; because &amp;quot;href&amp;quot; is null">
      <![CDATA[java.lang.NullPointerException: Cannot invoke "String.contains(java.lang.CharSequence)" because "href" is null
at test.AddToCartTest.TC_verifyCart(AddToCartTest.java:68)
at java.base/java.util.ArrayList.forEach(ArrayList.java:1596)
... Removed 25 stack frames]]>
    </failure>
  </testcase> <!-- TC_verifyCart -->
  <testcase classname="test.AddToCartTest" name="testAddMultipleItemsToCart" time="1.073"/>
  <testcase classname="test.AddToCartTest" name="testAddSingleItemToCart" time="1.027"/>
  <testcase classname="test.cartinteractiontest" name="testCartAndContinueShoppingButtons" time="1.282"/>
  <testcase classname="test.cartinteractiontest" name="testCheckoutButtonNavigatesToStepOne" time="1.155"/>
  <testcase classname="test.cartinteractiontest" name="testRemoveItemFromCart" time="1.331"/>
  <testcase classname="test.CheckoutInformationTest" name="testValidCheckoutInformation" time="1.784"/>
  <testcase classname="test.checkoutnavigation" name="testCancelButtonReturnsToInventoryPage" time="1.899">
    <failure type="java.lang.AssertionError" message="expected [true] but found [false]">
      <![CDATA[java.lang.AssertionError: expected [true] but found [false]
at test.checkoutnavigation.testCancelButtonReturnsToInventoryPage(checkoutnavigation.java:53)
at java.base/java.util.ArrayList.forEach(ArrayList.java:1596)
... Removed 29 stack frames]]>
    </failure>
  </testcase> <!-- testCancelButtonReturnsToInventoryPage -->
  <testcase classname="test.checkoutnavigation" name="testContinueButtonTakesToOverviewPage" time="1.634"/>
  <testcase classname="test.menunavigation" name="testBackToHomeButtonAfterCheckout" time="1.776"/>
  <testcase classname="test.menunavigation" name="testLogoutFromMenu" time="0.887">
    <failure type="org.openqa.selenium.ElementNotInteractableException" message="element not interactable
  (Session info: chrome=138.0.7204.158)
Build info: version: &amp;apos;4.20.0&amp;apos;, revision: &amp;apos;866c76ca80&amp;apos;
System info: os.name: &amp;apos;Windows Server 2025&amp;apos;, os.arch: &amp;apos;amd64&amp;apos;, os.version: &amp;apos;10.0&amp;apos;, java.version: &amp;apos;21.0.7&amp;apos;
Driver info: org.openqa.selenium.chrome.ChromeDriver
Command: [3e2708be7c90b61b4dbd888f11104e01, clickElement {id=f.B7CB0E4E2EE858FB8B0E40FD940325F5.d.4AF7D5803F76C14BCD31E8A192973538.e.25}]
Capabilities {acceptInsecureCerts: false, browserName: chrome, browserVersion: 138.0.7204.158, chrome: {chromedriverVersion: 138.0.7204.157 (e533e98b126..., userDataDir: C:\Users\LABSKR~1\AppData\L...}, fedcm:accounts: true, goog:chromeOptions: {debuggerAddress: localhost:50449}, networkConnectionEnabled: false, pageLoadStrategy: normal, platformName: windows, proxy: Proxy(), se:cdp: ws://localhost:50449/devtoo..., se:cdpVersion: 138.0.7204.158, setWindowRect: true, strictFileInteractability: false, timeouts: {implicit: 0, pageLoad: 300000, script: 30000}, unhandledPromptBehavior: dismiss and notify, webauthn:extension:credBlob: true, webauthn:extension:largeBlob: true, webauthn:extension:minPinLength: true, webauthn:extension:prf: true, webauthn:virtualAuthenticators: true}
Element: [[ChromeDriver: chrome on windows (3e2708be7c90b61b4dbd888f11104e01)] -&amp;gt; id: logout_sidebar_link]
Session ID: 3e2708be7c90b61b4dbd888f11104e01">
      <![CDATA[org.openqa.selenium.ElementNotInteractableException: element not interactable
  (Session info: chrome=138.0.7204.158)
Build info: version: '4.20.0', revision: '866c76ca80'
System info: os.name: 'Windows Server 2025', os.arch: 'amd64', os.version: '10.0', java.version: '21.0.7'
Driver info: org.openqa.selenium.chrome.ChromeDriver
Command: [3e2708be7c90b61b4dbd888f11104e01, clickElement {id=f.B7CB0E4E2EE858FB8B0E40FD940325F5.d.4AF7D5803F76C14BCD31E8A192973538.e.25}]
Capabilities {acceptInsecureCerts: false, browserName: chrome, browserVersion: 138.0.7204.158, chrome: {chromedriverVersion: 138.0.7204.157 (e533e98b126..., userDataDir: C:\Users\LABSKR~1\AppData\L...}, fedcm:accounts: true, goog:chromeOptions: {debuggerAddress: localhost:50449}, networkConnectionEnabled: false, pageLoadStrategy: normal, platformName: windows, proxy: Proxy(), se:cdp: ws://localhost:50449/devtoo..., se:cdpVersion: 138.0.7204.158, setWindowRect: true, strictFileInteractability: false, timeouts: {implicit: 0, pageLoad: 300000, script: 30000}, unhandledPromptBehavior: dismiss and notify, webauthn:extension:credBlob: true, webauthn:extension:largeBlob: true, webauthn:extension:minPinLength: true, webauthn:extension:prf: true, webauthn:virtualAuthenticators: true}
Element: [[ChromeDriver: chrome on windows (3e2708be7c90b61b4dbd888f11104e01)] -> id: logout_sidebar_link]
Session ID: 3e2708be7c90b61b4dbd888f11104e01
at org.openqa.selenium.remote.ErrorCodec.decode(ErrorCodec.java:167)
at org.openqa.selenium.remote.codec.w3c.W3CHttpResponseCodec.decode(W3CHttpResponseCodec.java:138)
at org.openqa.selenium.remote.codec.w3c.W3CHttpResponseCodec.decode(W3CHttpResponseCodec.java:50)
at org.openqa.selenium.remote.HttpCommandExecutor.execute(HttpCommandExecutor.java:190)
at org.openqa.selenium.remote.service.DriverCommandExecutor.invokeExecute(DriverCommandExecutor.java:216)
at org.openqa.selenium.remote.service.DriverCommandExecutor.execute(DriverCommandExecutor.java:174)
at org.openqa.selenium.remote.RemoteWebDriver.execute(RemoteWebDriver.java:518)
at org.openqa.selenium.remote.RemoteWebElement.execute(RemoteWebElement.java:223)
at org.openqa.selenium.remote.RemoteWebElement.click(RemoteWebElement.java:76)
at test.menunavigation.testLogoutFromMenu(menunavigation.java:61)
at java.base/java.util.ArrayList.forEach(ArrayList.java:1596)
... Removed 28 stack frames]]>
    </failure>
  </testcase> <!-- testLogoutFromMenu -->
  <testcase classname="test.menunavigation" name="testMenuItemsVisibilityAndNavigation" time="1.004"/>
</testsuite> <!-- Test -->
